failed to get console mode for stdout: Descripteur non valide
[1A[1B[0G[?25l[+] Building 0.0s (0/1)                                                         
[?25h[1A[0G[?25l[+] Building 0.1s (2/3)                                                         
[34m => [internal] load build definition from Dockerfile                       0.0s
[0m[34m => => transferring dockerfile: 31B                                        0.0s
[0m[34m => [internal] load .dockerignore                                          0.0s
[0m[34m => => transferring context: 34B                                           0.0s
[0m => [internal] load metadata for docker.io/alpine/node:latest              0.1s
[?25h[1A[1A[1A[1A[1A[1A[0G[?25l[+] Building 0.3s (2/3)                                                         
[34m => [internal] load build definition from Dockerfile                       0.0s
[0m[34m => => transferring dockerfile: 31B                                        0.0s
[0m[34m => [internal] load .dockerignore                                          0.0s
[0m[34m => => transferring context: 34B                                           0.0s
[0m => [internal] load metadata for docker.io/alpine/node:latest              0.2s
[?25h[1A[1A[1A[1A[1A[1A[0G[?25l[+] Building 0.5s (2/3)                                                         
[34m => [internal] load build definition from Dockerfile                       0.0s
[0m[34m => => transferring dockerfile: 31B                                        0.0s
[0m[34m => [internal] load .dockerignore                                          0.0s
[0m[34m => => transferring context: 34B                                           0.0s
[0m => [internal] load metadata for docker.io/alpine/node:latest              0.4s
[?25h[1A[1A[1A[1A[1A[1A[0G[?25l[+] Building 0.6s (2/3)                                                         
[34m => [internal] load build definition from Dockerfile                       0.0s
[0m[34m => => transferring dockerfile: 31B                                        0.0s
[0m[34m => [internal] load .dockerignore                                          0.0s
[0m[34m => => transferring context: 34B                                           0.0s
[0m => [internal] load metadata for docker.io/alpine/node:latest              0.5s
[?25h[1A[1A[1A[1A[1A[1A[0G[?25l[+] Building 0.7s (3/3)                                                         
[34m => [internal] load build definition from Dockerfile                       0.0s
[0m[34m => => transferring dockerfile: 31B                                        0.0s
[0m[34m => [internal] load .dockerignore                                          0.0s
[0m[34m => => transferring context: 34B                                           0.0s
[0m[34m => [internal] load metadata for docker.io/alpine/node:latest              0.7s
[0m[?25h[1A[1A[1A[1A[1A[1A[0G[?25l[+] Building 0.9s (6/7)                                                         
[34m => [internal] load .dockerignore                                          0.0s
[0m[34m => => transferring context: 34B                                           0.0s
[0m[34m => [internal] load metadata for docker.io/alpine/node:latest              0.7s
[0m[34m => CACHED [1/3] FROM docker.io/alpine/node:latest@sha256:68951567a1525fe  0.0s
[0m[34m => [internal] load build context                                          0.0s
[0m[34m => => transferring context: 7.33kB                                        0.0s
[0m[34m => [2/3] COPY ./* /app/                                                   0.0s
[0m => [3/3] RUN cd /app && npm install                                       0.1s
[?25h[1A[1A[1A[1A[1A[1A[1A[1A[1A[0G[?25l[+] Building 1.0s (6/7)                                                         
[34m => [internal] load .dockerignore                                          0.0s
[0m[34m => => transferring context: 34B                                           0.0s
[0m[34m => [internal] load metadata for docker.io/alpine/node:latest              0.7s
[0m[34m => CACHED [1/3] FROM docker.io/alpine/node:latest@sha256:68951567a1525fe  0.0s
[0m[34m => [internal] load build context                                          0.0s
[0m[34m => => transferring context: 7.33kB                                        0.0s
[0m[34m => [2/3] COPY ./* /app/                                                   0.0s
[0m => [3/3] RUN cd /app && npm install                                       0.2s
[?25h[1A[1A[1A[1A[1A[1A[1A[1A[1A[0G[?25l[+] Building 1.2s (6/7)                                                         
[34m => [internal] load .dockerignore                                          0.0s
[0m[34m => => transferring context: 34B                                           0.0s
[0m[34m => [internal] load metadata for docker.io/alpine/node:latest              0.7s
[0m[34m => CACHED [1/3] FROM docker.io/alpine/node:latest@sha256:68951567a1525fe  0.0s
[0m[34m => [internal] load build context                                          0.0s
[0m[34m => => transferring context: 7.33kB                                        0.0s
[0m[34m => [2/3] COPY ./* /app/                                                   0.0s
[0m => [3/3] RUN cd /app && npm install                                       0.4s
[?25h[1A[1A[1A[1A[1A[1A[1A[1A[1A[0G[?25l[+] Building 1.4s (6/7)                                                         
[34m => [internal] load .dockerignore                                          0.0s
[0m[34m => => transferring context: 34B                                           0.0s
[0m[34m => [internal] load metadata for docker.io/alpine/node:latest              0.7s
[0m[34m => CACHED [1/3] FROM docker.io/alpine/node:latest@sha256:68951567a1525fe  0.0s
[0m[34m => [internal] load build context                                          0.0s
[0m[34m => => transferring context: 7.33kB                                        0.0s
[0m[34m => [2/3] COPY ./* /app/                                                   0.0s
[0m => [3/3] RUN cd /app && npm install                                       0.5s
[?25h[1A[1A[1A[1A[1A[1A[1A[1A[1A[0G[?25l[+] Building 1.5s (6/7)                                                         
[34m => [internal] load .dockerignore                                          0.0s
[0m[34m => => transferring context: 34B                                           0.0s
[0m[34m => [internal] load metadata for docker.io/alpine/node:latest              0.7s
[0m[34m => CACHED [1/3] FROM docker.io/alpine/node:latest@sha256:68951567a1525fe  0.0s
[0m[34m => [internal] load build context                                          0.0s
[0m[34m => => transferring context: 7.33kB                                        0.0s
[0m[34m => [2/3] COPY ./* /app/                                                   0.0s
[0m => [3/3] RUN cd /app && npm install                                       0.7s
[?25h[1A[1A[1A[1A[1A[1A[1A[1A[1A[0G[?25l[+] Building 1.7s (6/7)                                                         
[34m => [internal] load .dockerignore                                          0.0s
[0m[34m => => transferring context: 34B                                           0.0s
[0m[34m => [internal] load metadata for docker.io/alpine/node:latest              0.7s
[0m[34m => CACHED [1/3] FROM docker.io/alpine/node:latest@sha256:68951567a1525fe  0.0s
[0m[34m => [internal] load build context                                          0.0s
[0m[34m => => transferring context: 7.33kB                                        0.0s
[0m[34m => [2/3] COPY ./* /app/                                                   0.0s
[0m => [3/3] RUN cd /app && npm install                                       0.8s
[?25h[1A[1A[1A[1A[1A[1A[1A[1A[1A[0G[?25l[+] Building 1.8s (6/7)                                                         
[34m => [internal] load .dockerignore                                          0.0s
[0m[34m => => transferring context: 34B                                           0.0s
[0m[34m => [internal] load metadata for docker.io/alpine/node:latest              0.7s
[0m[34m => CACHED [1/3] FROM docker.io/alpine/node:latest@sha256:68951567a1525fe  0.0s
[0m[34m => [internal] load build context                                          0.0s
[0m[34m => => transferring context: 7.33kB                                        0.0s
[0m[34m => [2/3] COPY ./* /app/                                                   0.0s
[0m => [3/3] RUN cd /app && npm install                                       1.0s
[?25h[1A[1A[1A[1A[1A[1A[1A[1A[1A[0G[?25l[+] Building 2.0s (6/7)                                                         
[34m => [internal] load .dockerignore                                          0.0s
[0m[34m => => transferring context: 34B                                           0.0s
[0m[34m => [internal] load metadata for docker.io/alpine/node:latest              0.7s
[0m[34m => CACHED [1/3] FROM docker.io/alpine/node:latest@sha256:68951567a1525fe  0.0s
[0m[34m => [internal] load build context                                          0.0s
[0m[34m => => transferring context: 7.33kB                                        0.0s
[0m[34m => [2/3] COPY ./* /app/                                                   0.0s
[0m => [3/3] RUN cd /app && npm install                                       1.1s
[?25h[1A[1A[1A[1A[1A[1A[1A[1A[1A[0G[?25l[+] Building 2.1s (6/7)                                                         
[34m => [internal] load .dockerignore                                          0.0s
[0m[34m => => transferring context: 34B                                           0.0s
[0m[34m => [internal] load metadata for docker.io/alpine/node:latest              0.7s
[0m[34m => CACHED [1/3] FROM docker.io/alpine/node:latest@sha256:68951567a1525fe  0.0s
[0m[34m => [internal] load build context                                          0.0s
[0m[34m => => transferring context: 7.33kB                                        0.0s
[0m[34m => [2/3] COPY ./* /app/                                                   0.0s
[0m => [3/3] RUN cd /app && npm install                                       1.3s
[?25h[1A[1A[1A[1A[1A[1A[1A[1A[1A[0G[?25l[+] Building 2.3s (6/7)                                                         
[34m => [internal] load .dockerignore                                          0.0s
[0m[34m => => transferring context: 34B                                           0.0s
[0m[34m => [internal] load metadata for docker.io/alpine/node:latest              0.7s
[0m[34m => CACHED [1/3] FROM docker.io/alpine/node:latest@sha256:68951567a1525fe  0.0s
[0m[34m => [internal] load build context                                          0.0s
[0m[34m => => transferring context: 7.33kB                                        0.0s
[0m[34m => [2/3] COPY ./* /app/                                                   0.0s
[0m => [3/3] RUN cd /app && npm install                                       1.4s
[?25h[1A[1A[1A[1A[1A[1A[1A[1A[1A[0G[?25l[+] Building 2.4s (6/7)                                                         
[34m => [internal] load .dockerignore                                          0.0s
[0m[34m => => transferring context: 34B                                           0.0s
[0m[34m => [internal] load metadata for docker.io/alpine/node:latest              0.7s
[0m[34m => CACHED [1/3] FROM docker.io/alpine/node:latest@sha256:68951567a1525fe  0.0s
[0m[34m => [internal] load build context                                          0.0s
[0m[34m => => transferring context: 7.33kB                                        0.0s
[0m[34m => [2/3] COPY ./* /app/                                                   0.0s
[0m => [3/3] RUN cd /app && npm install                                       1.6s
[?25h[1A[1A[1A[1A[1A[1A[1A[1A[1A[0G[?25l[+] Building 2.6s (6/7)                                                         
[34m => [internal] load .dockerignore                                          0.0s
[0m[34m => => transferring context: 34B                                           0.0s
[0m[34m => [internal] load metadata for docker.io/alpine/node:latest              0.7s
[0m[34m => CACHED [1/3] FROM docker.io/alpine/node:latest@sha256:68951567a1525fe  0.0s
[0m[34m => [internal] load build context                                          0.0s
[0m[34m => => transferring context: 7.33kB                                        0.0s
[0m[34m => [2/3] COPY ./* /app/                                                   0.0s
[0m => [3/3] RUN cd /app && npm install                                       1.7s
[?25h[1A[1A[1A[1A[1A[1A[1A[1A[1A[0G[?25l[+] Building 2.7s (6/7)                                                         
[34m => [internal] load .dockerignore                                          0.0s
[0m[34m => => transferring context: 34B                                           0.0s
[0m[34m => [internal] load metadata for docker.io/alpine/node:latest              0.7s
[0m[34m => CACHED [1/3] FROM docker.io/alpine/node:latest@sha256:68951567a1525fe  0.0s
[0m[34m => [internal] load build context                                          0.0s
[0m[34m => => transferring context: 7.33kB                                        0.0s
[0m[34m => [2/3] COPY ./* /app/                                                   0.0s
[0m => [3/3] RUN cd /app && npm install                                       1.9s
[?25h[1A[1A[1A[1A[1A[1A[1A[1A[1A[0G[?25l[+] Building 2.9s (6/7)                                                         
[34m => [internal] load .dockerignore                                          0.0s
[0m[34m => => transferring context: 34B                                           0.0s
[0m[34m => [internal] load metadata for docker.io/alpine/node:latest              0.7s
[0m[34m => CACHED [1/3] FROM docker.io/alpine/node:latest@sha256:68951567a1525fe  0.0s
[0m[34m => [internal] load build context                                          0.0s
[0m[34m => => transferring context: 7.33kB                                        0.0s
[0m[34m => [2/3] COPY ./* /app/                                                   0.0s
[0m => [3/3] RUN cd /app && npm install                                       2.0s
[?25h[1A[1A[1A[1A[1A[1A[1A[1A[1A[0G[?25l[+] Building 3.0s (6/7)                                                         
[34m => [internal] load .dockerignore                                          0.0s
[0m[34m => => transferring context: 34B                                           0.0s
[0m[34m => [internal] load metadata for docker.io/alpine/node:latest              0.7s
[0m[34m => CACHED [1/3] FROM docker.io/alpine/node:latest@sha256:68951567a1525fe  0.0s
[0m[34m => [internal] load build context                                          0.0s
[0m[34m => => transferring context: 7.33kB                                        0.0s
[0m[34m => [2/3] COPY ./* /app/                                                   0.0s
[0m => [3/3] RUN cd /app && npm install                                       2.2s
[?25h[1A[1A[1A[1A[1A[1A[1A[1A[1A[0G[?25l[+] Building 3.2s (6/7)                                                         
[34m => [internal] load .dockerignore                                          0.0s
[0m[34m => => transferring context: 34B                                           0.0s
[0m[34m => [internal] load metadata for docker.io/alpine/node:latest              0.7s
[0m[34m => CACHED [1/3] FROM docker.io/alpine/node:latest@sha256:68951567a1525fe  0.0s
[0m[34m => [internal] load build context                                          0.0s
[0m[34m => => transferring context: 7.33kB                                        0.0s
[0m[34m => [2/3] COPY ./* /app/                                                   0.0s
[0m => [3/3] RUN cd /app && npm install                                       2.3s
[?25h[1A[1A[1A[1A[1A[1A[1A[1A[1A[0G[?25l[+] Building 3.3s (6/7)                                                         
[34m => [internal] load .dockerignore                                          0.0s
[0m[34m => => transferring context: 34B                                           0.0s
[0m[34m => [internal] load metadata for docker.io/alpine/node:latest              0.7s
[0m[34m => CACHED [1/3] FROM docker.io/alpine/node:latest@sha256:68951567a1525fe  0.0s
[0m[34m => [internal] load build context                                          0.0s
[0m[34m => => transferring context: 7.33kB                                        0.0s
[0m[34m => [2/3] COPY ./* /app/                                                   0.0s
[0m => [3/3] RUN cd /app && npm install                                       2.5s
[?25h[1A[1A[1A[1A[1A[1A[1A[1A[1A[0G[?25l[+] Building 3.5s (6/7)                                                         
[34m => [internal] load .dockerignore                                          0.0s
[0m[34m => => transferring context: 34B                                           0.0s
[0m[34m => [internal] load metadata for docker.io/alpine/node:latest              0.7s
[0m[34m => CACHED [1/3] FROM docker.io/alpine/node:latest@sha256:68951567a1525fe  0.0s
[0m[34m => [internal] load build context                                          0.0s
[0m[34m => => transferring context: 7.33kB                                        0.0s
[0m[34m => [2/3] COPY ./* /app/                                                   0.0s
[0m => [3/3] RUN cd /app && npm install                                       2.6s
[?25h[1A[1A[1A[1A[1A[1A[1A[1A[1A[0G[?25l[+] Building 3.6s (6/7)                                                         
[34m => [internal] load .dockerignore                                          0.0s
[0m[34m => => transferring context: 34B                                           0.0s
[0m[34m => [internal] load metadata for docker.io/alpine/node:latest              0.7s
[0m[34m => CACHED [1/3] FROM docker.io/alpine/node:latest@sha256:68951567a1525fe  0.0s
[0m[34m => [internal] load build context                                          0.0s
[0m[34m => => transferring context: 7.33kB                                        0.0s
[0m[34m => [2/3] COPY ./* /app/                                                   0.0s
[0m => [3/3] RUN cd /app && npm install                                       2.8s
[?25h[1A[1A[1A[1A[1A[1A[1A[1A[1A[0G[?25l[+] Building 3.8s (6/7)                                                         
[34m => [internal] load .dockerignore                                          0.0s
[0m[34m => => transferring context: 34B                                           0.0s
[0m[34m => [internal] load metadata for docker.io/alpine/node:latest              0.7s
[0m[34m => CACHED [1/3] FROM docker.io/alpine/node:latest@sha256:68951567a1525fe  0.0s
[0m[34m => [internal] load build context                                          0.0s
[0m[34m => => transferring context: 7.33kB                                        0.0s
[0m[34m => [2/3] COPY ./* /app/                                                   0.0s
[0m => [3/3] RUN cd /app && npm install                                       2.9s
[?25h[1A[1A[1A[1A[1A[1A[1A[1A[1A[0G[?25l[+] Building 3.9s (6/7)                                                         
[34m => [internal] load .dockerignore                                          0.0s
[0m[34m => => transferring context: 34B                                           0.0s
[0m[34m => [internal] load metadata for docker.io/alpine/node:latest              0.7s
[0m[34m => CACHED [1/3] FROM docker.io/alpine/node:latest@sha256:68951567a1525fe  0.0s
[0m[34m => [internal] load build context                                          0.0s
[0m[34m => => transferring context: 7.33kB                                        0.0s
[0m[34m => [2/3] COPY ./* /app/                                                   0.0s
[0m => [3/3] RUN cd /app && npm install                                       3.1s
[?25h[1A[1A[1A[1A[1A[1A[1A[1A[1A[0G[?25l[+] Building 4.1s (6/7)                                                         
[34m => [internal] load .dockerignore                                          0.0s
[0m[34m => => transferring context: 34B                                           0.0s
[0m[34m => [internal] load metadata for docker.io/alpine/node:latest              0.7s
[0m[34m => CACHED [1/3] FROM docker.io/alpine/node:latest@sha256:68951567a1525fe  0.0s
[0m[34m => [internal] load build context                                          0.0s
[0m[34m => => transferring context: 7.33kB                                        0.0s
[0m[34m => [2/3] COPY ./* /app/                                                   0.0s
[0m => [3/3] RUN cd /app && npm install                                       3.2s
[?25h[1A[1A[1A[1A[1A[1A[1A[1A[1A[0G[?25l[+] Building 4.2s (6/7)                                                         
[34m => [internal] load .dockerignore                                          0.0s
[0m[34m => => transferring context: 34B                                           0.0s
[0m[34m => [internal] load metadata for docker.io/alpine/node:latest              0.7s
[0m[34m => CACHED [1/3] FROM docker.io/alpine/node:latest@sha256:68951567a1525fe  0.0s
[0m[34m => [internal] load build context                                          0.0s
[0m[34m => => transferring context: 7.33kB                                        0.0s
[0m[34m => [2/3] COPY ./* /app/                                                   0.0s
[0m => [3/3] RUN cd /app && npm install                                       3.4s
[?25h[1A[1A[1A[1A[1A[1A[1A[1A[1A[0G[?25l[+] Building 4.4s (6/7)                                                         
[34m => [internal] load .dockerignore                                          0.0s
[0m[34m => => transferring context: 34B                                           0.0s
[0m[34m => [internal] load metadata for docker.io/alpine/node:latest              0.7s
[0m[34m => CACHED [1/3] FROM docker.io/alpine/node:latest@sha256:68951567a1525fe  0.0s
[0m[34m => [internal] load build context                                          0.0s
[0m[34m => => transferring context: 7.33kB                                        0.0s
[0m[34m => [2/3] COPY ./* /app/                                                   0.0s
[0m => [3/3] RUN cd /app && npm install                                       3.5s
[?25h[1A[1A[1A[1A[1A[1A[1A[1A[1A[0G[?25l[+] Building 4.5s (6/7)                                                         
[34m => [internal] load .dockerignore                                          0.0s
[0m[34m => => transferring context: 34B                                           0.0s
[0m[34m => [internal] load metadata for docker.io/alpine/node:latest              0.7s
[0m[34m => CACHED [1/3] FROM docker.io/alpine/node:latest@sha256:68951567a1525fe  0.0s
[0m[34m => [internal] load build context                                          0.0s
[0m[34m => => transferring context: 7.33kB                                        0.0s
[0m[34m => [2/3] COPY ./* /app/                                                   0.0s
[0m => [3/3] RUN cd /app && npm install                                       3.7s
[?25h[1A[1A[1A[1A[1A[1A[1A[1A[1A[0G[?25l[+] Building 4.7s (6/7)                                                         
[34m => [internal] load .dockerignore                                          0.0s
[0m[34m => => transferring context: 34B                                           0.0s
[0m[34m => [internal] load metadata for docker.io/alpine/node:latest              0.7s
[0m[34m => CACHED [1/3] FROM docker.io/alpine/node:latest@sha256:68951567a1525fe  0.0s
[0m[34m => [internal] load build context                                          0.0s
[0m[34m => => transferring context: 7.33kB                                        0.0s
[0m[34m => [2/3] COPY ./* /app/                                                   0.0s
[0m => [3/3] RUN cd /app && npm install                                       3.8s
[?25h[1A[1A[1A[1A[1A[1A[1A[1A[1A[0G[?25l[+] Building 4.8s (6/7)                                                         
[34m => [internal] load .dockerignore                                          0.0s
[0m[34m => => transferring context: 34B                                           0.0s
[0m[34m => [internal] load metadata for docker.io/alpine/node:latest              0.7s
[0m[34m => CACHED [1/3] FROM docker.io/alpine/node:latest@sha256:68951567a1525fe  0.0s
[0m[34m => [internal] load build context                                          0.0s
[0m[34m => => transferring context: 7.33kB                                        0.0s
[0m[34m => [2/3] COPY ./* /app/                                                   0.0s
[0m => [3/3] RUN cd /app && npm install                                       4.0s
[?25h[1A[1A[1A[1A[1A[1A[1A[1A[1A[0G[?25l[+] Building 5.0s (6/7)                                                         
[34m => [internal] load .dockerignore                                          0.0s
[0m[34m => => transferring context: 34B                                           0.0s
[0m[34m => [internal] load metadata for docker.io/alpine/node:latest              0.7s
[0m[34m => CACHED [1/3] FROM docker.io/alpine/node:latest@sha256:68951567a1525fe  0.0s
[0m[34m => [internal] load build context                                          0.0s
[0m[34m => => transferring context: 7.33kB                                        0.0s
[0m[34m => [2/3] COPY ./* /app/                                                   0.0s
[0m => [3/3] RUN cd /app && npm install                                       4.1s
[?25h[1A[1A[1A[1A[1A[1A[1A[1A[1A[0G[?25l[+] Building 5.1s (6/7)                                                         
[34m => [internal] load .dockerignore                                          0.0s
[0m[34m => => transferring context: 34B                                           0.0s
[0m[34m => [internal] load metadata for docker.io/alpine/node:latest              0.7s
[0m[34m => CACHED [1/3] FROM docker.io/alpine/node:latest@sha256:68951567a1525fe  0.0s
[0m[34m => [internal] load build context                                          0.0s
[0m[34m => => transferring context: 7.33kB                                        0.0s
[0m[34m => [2/3] COPY ./* /app/                                                   0.0s
[0m => [3/3] RUN cd /app && npm install                                       4.3s
[?25h[1A[1A[1A[1A[1A[1A[1A[1A[1A[0G[?25l[+] Building 5.3s (6/7)                                                         
[34m => [internal] load .dockerignore                                          0.0s
[0m[34m => => transferring context: 34B                                           0.0s
[0m[34m => [internal] load metadata for docker.io/alpine/node:latest              0.7s
[0m[34m => CACHED [1/3] FROM docker.io/alpine/node:latest@sha256:68951567a1525fe  0.0s
[0m[34m => [internal] load build context                                          0.0s
[0m[34m => => transferring context: 7.33kB                                        0.0s
[0m[34m => [2/3] COPY ./* /app/                                                   0.0s
[0m => [3/3] RUN cd /app && npm install                                       4.4s
[?25h[1A[1A[1A[1A[1A[1A[1A[1A[1A[0G[?25l[+] Building 5.4s (6/7)                                                         
[34m => [internal] load .dockerignore                                          0.0s
[0m[34m => => transferring context: 34B                                           0.0s
[0m[34m => [internal] load metadata for docker.io/alpine/node:latest              0.7s
[0m[34m => CACHED [1/3] FROM docker.io/alpine/node:latest@sha256:68951567a1525fe  0.0s
[0m[34m => [internal] load build context                                          0.0s
[0m[34m => => transferring context: 7.33kB                                        0.0s
[0m[34m => [2/3] COPY ./* /app/                                                   0.0s
[0m => [3/3] RUN cd /app && npm install                                       4.6s
[?25h[1A[1A[1A[1A[1A[1A[1A[1A[1A[0G[?25l[+] Building 5.6s (6/7)                                                         
[34m => [internal] load .dockerignore                                          0.0s
[0m[34m => => transferring context: 34B                                           0.0s
[0m[34m => [internal] load metadata for docker.io/alpine/node:latest              0.7s
[0m[34m => CACHED [1/3] FROM docker.io/alpine/node:latest@sha256:68951567a1525fe  0.0s
[0m[34m => [internal] load build context                                          0.0s
[0m[34m => => transferring context: 7.33kB                                        0.0s
[0m[34m => [2/3] COPY ./* /app/                                                   0.0s
[0m => [3/3] RUN cd /app && npm install                                       4.7s
[?25h[1A[1A[1A[1A[1A[1A[1A[1A[1A[0G[?25l[+] Building 5.7s (6/7)                                                         
[34m => [internal] load .dockerignore                                          0.0s
[0m[34m => => transferring context: 34B                                           0.0s
[0m[34m => [internal] load metadata for docker.io/alpine/node:latest              0.7s
[0m[34m => CACHED [1/3] FROM docker.io/alpine/node:latest@sha256:68951567a1525fe  0.0s
[0m[34m => [internal] load build context                                          0.0s
[0m[34m => => transferring context: 7.33kB                                        0.0s
[0m[34m => [2/3] COPY ./* /app/                                                   0.0s
[0m => [3/3] RUN cd /app && npm install                                       4.9s
[?25h[1A[1A[1A[1A[1A[1A[1A[1A[1A[0G[?25l[+] Building 5.9s (6/7)                                                         
[34m => [internal] load .dockerignore                                          0.0s
[0m[34m => => transferring context: 34B                                           0.0s
[0m[34m => [internal] load metadata for docker.io/alpine/node:latest              0.7s
[0m[34m => CACHED [1/3] FROM docker.io/alpine/node:latest@sha256:68951567a1525fe  0.0s
[0m[34m => [internal] load build context                                          0.0s
[0m[34m => => transferring context: 7.33kB                                        0.0s
[0m[34m => [2/3] COPY ./* /app/                                                   0.0s
[0m => [3/3] RUN cd /app && npm install                                       5.0s
[?25h[1A[1A[1A[1A[1A[1A[1A[1A[1A[0G[?25l[+] Building 6.0s (6/7)                                                         
[34m => [internal] load .dockerignore                                          0.0s
[0m[34m => => transferring context: 34B                                           0.0s
[0m[34m => [internal] load metadata for docker.io/alpine/node:latest              0.7s
[0m[34m => CACHED [1/3] FROM docker.io/alpine/node:latest@sha256:68951567a1525fe  0.0s
[0m[34m => [internal] load build context                                          0.0s
[0m[34m => => transferring context: 7.33kB                                        0.0s
[0m[34m => [2/3] COPY ./* /app/                                                   0.0s
[0m => [3/3] RUN cd /app && npm install                                       5.2s
[?25h[1A[1A[1A[1A[1A[1A[1A[1A[1A[0G[?25l[+] Building 6.2s (6/7)                                                         
[34m => [internal] load .dockerignore                                          0.0s
[0m[34m => => transferring context: 34B                                           0.0s
[0m[34m => [internal] load metadata for docker.io/alpine/node:latest              0.7s
[0m[34m => CACHED [1/3] FROM docker.io/alpine/node:latest@sha256:68951567a1525fe  0.0s
[0m[34m => [internal] load build context                                          0.0s
[0m[34m => => transferring context: 7.33kB                                        0.0s
[0m[34m => [2/3] COPY ./* /app/                                                   0.0s
[0m => [3/3] RUN cd /app && npm install                                       5.3s
[?25h[1A[1A[1A[1A[1A[1A[1A[1A[1A[0G[?25l[+] Building 6.2s (7/7) FINISHED                                                
[34m => [internal] load build definition from Dockerfile                       0.0s
[0m[34m => => transferring dockerfile: 31B                                        0.0s
[0m[34m => [internal] load .dockerignore                                          0.0s
[0m[34m => => transferring context: 34B                                           0.0s
[0m[34m => [internal] load metadata for docker.io/alpine/node:latest              0.7s
[0m[34m => CACHED [1/3] FROM docker.io/alpine/node:latest@sha256:68951567a1525fe  0.0s
[0m[34m => [internal] load build context                                          0.0s
[0m[34m => => transferring context: 7.33kB                                        0.0s
[0m[34m => [2/3] COPY ./* /app/                                                   0.0s
[0m[31m => ERROR [3/3] RUN cd /app && npm install                                 5.4s
[0m[?25h------
 > [3/3] RUN cd /app && npm install:
#7 2.971 npm ERR! code ERR_STREAM_WRITE_AFTER_END
#7 2.972 npm ERR! write after end
#7 3.148 npm ERR! code ERR_STREAM_WRITE_AFTER_END
#7 3.148 npm ERR! write after end
#7 4.135 npm ERR! code ERR_STREAM_WRITE_AFTER_END
#7 4.135 npm ERR! write after end
#7 5.068 
#7 5.068 npm ERR! A complete log of this run can be found in:
#7 5.068 npm ERR!     /root/.npm/_logs/2022-05-10T09_12_41_523Z-debug.log
------
